2024-07-17 10:23:37.056 WARN  [main] com.alibaba.nacos.client.logging.NacosLogging.loadConfiguration:64 : Load Logback Configuration of Nacos fail, message: Could not initialize Logback Nacos logging from null
2024-07-17 10:23:37.101 WARN  [main] com.alibaba.nacos.client.logging.NacosLogging.loadConfiguration:64 : Load Logback Configuration of Nacos fail, message: Could not initialize Logback Nacos logging from null
2024-07-17 10:23:37.289 WARN  [main] com.alibaba.nacos.client.logging.NacosLogging.loadConfiguration:64 : Load Logback Configuration of Nacos fail, message: Could not initialize Logback Nacos logging from null
2024-07-17 10:23:37.613 WARN  [main] com.alibaba.nacos.client.logging.NacosLogging.loadConfiguration:64 : Load Logback Configuration of Nacos fail, message: Could not initialize Logback Nacos logging from null
2024-07-17 10:23:44.965 WARN  [main] com.alibaba.nacos.client.config.NacosConfigService.getConfigInner:195 : [fixed-127.0.0.1_8848] [get-config] get from server error, dataId=test, group=DEFAULT_GROUP, tenant=, msg=ErrCode:-401, ErrMsg:Client not connected, current status:STARTING
2024-07-17 10:23:44.969 WARN  [main] com.alibaba.cloud.nacos.client.NacosPropertySourceBuilder.loadNacosData:87 : Ignore the empty nacos configuration and get it based on dataId[test] & group[DEFAULT_GROUP]
2024-07-17 10:23:45.291 WARN  [main] com.alibaba.nacos.client.config.NacosConfigService.getConfigInner:195 : [fixed-127.0.0.1_8848] [get-config] get from server error, dataId=test.yaml, group=DEFAULT_GROUP, tenant=, msg=ErrCode:-401, ErrMsg:Client not connected, current status:STARTING
2024-07-17 10:23:45.291 WARN  [main] com.alibaba.cloud.nacos.client.NacosPropertySourceBuilder.loadNacosData:87 : Ignore the empty nacos configuration and get it based on dataId[test.yaml] & group[DEFAULT_GROUP]
2024-07-17 10:23:45.296 WARN  [main] com.alibaba.nacos.client.logging.NacosLogging.loadConfiguration:64 : Load Logback Configuration of Nacos fail, message: Could not initialize Logback Nacos logging from null
2024-07-17 10:23:46.371 WARN  [main] com.baomidou.dynamic.datasource.DynamicRoutingDataSource.afterPropertiesSet:236 : dynamic-datasource initial loaded [0] datasource,Please add your primary datasource or check your configuration
2024-07-17 10:23:50.811 WARN  [com.alibaba.nacos.client.naming.grpc.redo.0] com.alibaba.nacos.client.naming.run:47 : Grpc Connection is disconnect, skip current redo task
2024-07-17 10:23:53.823 WARN  [com.alibaba.nacos.client.naming.grpc.redo.0] com.alibaba.nacos.client.naming.run:47 : Grpc Connection is disconnect, skip current redo task
2024-07-17 10:23:54.261 WARN  [main] o.s.b.w.s.c.AnnotationConfigServletWebServerApplicationContext.refresh:591 : Exception encountered during context initialization - cancelling refresh attempt: org.springframework.context.ApplicationContextException: Failed to start bean 'webServerStartStop'; nested exception is java.lang.reflect.UndeclaredThrowableException
2024-07-17 10:23:54.592 WARN  [main] com.alibaba.nacos.client.naming.shutdown:74 : [NamingHttpClientManager] Start destroying NacosRestTemplate
2024-07-17 10:23:54.592 WARN  [main] com.alibaba.nacos.client.naming.shutdown:81 : [NamingHttpClientManager] Destruction of the end
2024-07-17 10:23:54.593 WARN  [main] com.alibaba.nacos.client.naming.shutdown:74 : [NamingHttpClientManager] Start destroying NacosRestTemplate
2024-07-17 10:23:54.593 WARN  [main] com.alibaba.nacos.client.naming.shutdown:81 : [NamingHttpClientManager] Destruction of the end
2024-07-17 10:23:54.737 WARN  [Thread-6] com.alibaba.nacos.common.http.HttpClientBeanHolder.shutdown:102 : [HttpClientBeanHolder] Start destroying common HttpClient
2024-07-17 10:23:54.737 WARN  [Thread-15] com.alibaba.nacos.common.notify.NotifyCenter.shutdown:136 : [NotifyCenter] Start destroying Publisher
2024-07-17 10:23:54.737 WARN  [Thread-15] com.alibaba.nacos.common.notify.NotifyCenter.shutdown:153 : [NotifyCenter] Destruction of the end
2024-07-17 10:23:54.737 WARN  [Thread-6] com.alibaba.nacos.common.http.HttpClientBeanHolder.shutdown:111 : [HttpClientBeanHolder] Destruction of the end
2024-07-17 10:35:01.664 WARN  [main] com.alibaba.nacos.client.logging.NacosLogging.loadConfiguration:64 : Load Logback Configuration of Nacos fail, message: Could not initialize Logback Nacos logging from null
2024-07-17 10:35:01.711 WARN  [main] com.alibaba.nacos.client.logging.NacosLogging.loadConfiguration:64 : Load Logback Configuration of Nacos fail, message: Could not initialize Logback Nacos logging from null
2024-07-17 10:35:01.890 WARN  [main] com.alibaba.nacos.client.logging.NacosLogging.loadConfiguration:64 : Load Logback Configuration of Nacos fail, message: Could not initialize Logback Nacos logging from null
2024-07-17 10:35:02.209 WARN  [main] com.alibaba.nacos.client.logging.NacosLogging.loadConfiguration:64 : Load Logback Configuration of Nacos fail, message: Could not initialize Logback Nacos logging from null
2024-07-17 10:35:09.396 WARN  [main] com.alibaba.nacos.client.config.NacosConfigService.getConfigInner:195 : [fixed-127.0.0.1_8848] [get-config] get from server error, dataId=test, group=DEFAULT_GROUP, tenant=, msg=ErrCode:-401, ErrMsg:Client not connected, current status:STARTING
2024-07-17 10:35:09.402 WARN  [main] com.alibaba.cloud.nacos.client.NacosPropertySourceBuilder.loadNacosData:87 : Ignore the empty nacos configuration and get it based on dataId[test] & group[DEFAULT_GROUP]
2024-07-17 10:35:09.723 WARN  [main] com.alibaba.nacos.client.config.NacosConfigService.getConfigInner:195 : [fixed-127.0.0.1_8848] [get-config] get from server error, dataId=test.yaml, group=DEFAULT_GROUP, tenant=, msg=ErrCode:-401, ErrMsg:Client not connected, current status:STARTING
2024-07-17 10:35:09.723 WARN  [main] com.alibaba.cloud.nacos.client.NacosPropertySourceBuilder.loadNacosData:87 : Ignore the empty nacos configuration and get it based on dataId[test.yaml] & group[DEFAULT_GROUP]
2024-07-17 10:35:09.729 WARN  [main] com.alibaba.nacos.client.logging.NacosLogging.loadConfiguration:64 : Load Logback Configuration of Nacos fail, message: Could not initialize Logback Nacos logging from null
2024-07-17 10:35:10.775 WARN  [main] com.baomidou.dynamic.datasource.DynamicRoutingDataSource.afterPropertiesSet:236 : dynamic-datasource initial loaded [0] datasource,Please add your primary datasource or check your configuration
2024-07-17 10:35:15.189 WARN  [com.alibaba.nacos.client.naming.grpc.redo.0] com.alibaba.nacos.client.naming.run:47 : Grpc Connection is disconnect, skip current redo task
2024-07-17 10:35:15.658 WARN  [Thread-15] com.alibaba.nacos.common.notify.NotifyCenter.shutdown:136 : [NotifyCenter] Start destroying Publisher
2024-07-17 10:35:15.659 WARN  [Thread-6] com.alibaba.nacos.common.http.HttpClientBeanHolder.shutdown:102 : [HttpClientBeanHolder] Start destroying common HttpClient
2024-07-17 10:35:15.659 WARN  [Thread-15] com.alibaba.nacos.common.notify.NotifyCenter.shutdown:153 : [NotifyCenter] Destruction of the end
2024-07-17 10:35:15.659 WARN  [Thread-6] com.alibaba.nacos.common.http.HttpClientBeanHolder.shutdown:111 : [HttpClientBeanHolder] Destruction of the end
2024-07-17 11:03:47.373 WARN  [main] com.alibaba.nacos.client.logging.NacosLogging.loadConfiguration:64 : Load Logback Configuration of Nacos fail, message: Could not initialize Logback Nacos logging from null
2024-07-17 11:03:47.413 WARN  [main] com.alibaba.nacos.client.logging.NacosLogging.loadConfiguration:64 : Load Logback Configuration of Nacos fail, message: Could not initialize Logback Nacos logging from null
2024-07-17 11:03:47.599 WARN  [main] com.alibaba.nacos.client.logging.NacosLogging.loadConfiguration:64 : Load Logback Configuration of Nacos fail, message: Could not initialize Logback Nacos logging from null
2024-07-17 11:03:47.948 WARN  [main] com.alibaba.nacos.client.logging.NacosLogging.loadConfiguration:64 : Load Logback Configuration of Nacos fail, message: Could not initialize Logback Nacos logging from null
2024-07-17 11:03:55.198 WARN  [main] com.alibaba.nacos.client.config.NacosConfigService.getConfigInner:195 : [fixed-127.0.0.1_8848] [get-config] get from server error, dataId=test, group=DEFAULT_GROUP, tenant=, msg=ErrCode:-401, ErrMsg:Client not connected, current status:STARTING
2024-07-17 11:03:55.203 WARN  [main] com.alibaba.cloud.nacos.client.NacosPropertySourceBuilder.loadNacosData:87 : Ignore the empty nacos configuration and get it based on dataId[test] & group[DEFAULT_GROUP]
2024-07-17 11:03:55.522 WARN  [main] com.alibaba.nacos.client.config.NacosConfigService.getConfigInner:195 : [fixed-127.0.0.1_8848] [get-config] get from server error, dataId=test.yaml, group=DEFAULT_GROUP, tenant=, msg=ErrCode:-401, ErrMsg:Client not connected, current status:STARTING
2024-07-17 11:03:55.522 WARN  [main] com.alibaba.cloud.nacos.client.NacosPropertySourceBuilder.loadNacosData:87 : Ignore the empty nacos configuration and get it based on dataId[test.yaml] & group[DEFAULT_GROUP]
2024-07-17 11:03:55.528 WARN  [main] com.alibaba.nacos.client.logging.NacosLogging.loadConfiguration:64 : Load Logback Configuration of Nacos fail, message: Could not initialize Logback Nacos logging from null
2024-07-17 11:03:56.551 WARN  [main] com.baomidou.dynamic.datasource.DynamicRoutingDataSource.afterPropertiesSet:236 : dynamic-datasource initial loaded [0] datasource,Please add your primary datasource or check your configuration
2024-07-17 11:04:00.968 WARN  [com.alibaba.nacos.client.naming.grpc.redo.0] com.alibaba.nacos.client.naming.run:47 : Grpc Connection is disconnect, skip current redo task
2024-07-17 11:04:03.978 WARN  [com.alibaba.nacos.client.naming.grpc.redo.0] com.alibaba.nacos.client.naming.run:47 : Grpc Connection is disconnect, skip current redo task
2024-07-17 11:04:04.426 WARN  [main] o.s.b.w.s.c.AnnotationConfigServletWebServerApplicationContext.refresh:591 : Exception encountered during context initialization - cancelling refresh attempt: org.springframework.context.ApplicationContextException: Failed to start bean 'webServerStartStop'; nested exception is java.lang.reflect.UndeclaredThrowableException
2024-07-17 11:04:04.756 WARN  [main] com.alibaba.nacos.client.naming.shutdown:74 : [NamingHttpClientManager] Start destroying NacosRestTemplate
2024-07-17 11:04:04.756 WARN  [main] com.alibaba.nacos.client.naming.shutdown:81 : [NamingHttpClientManager] Destruction of the end
2024-07-17 11:04:04.757 WARN  [main] com.alibaba.nacos.client.naming.shutdown:74 : [NamingHttpClientManager] Start destroying NacosRestTemplate
2024-07-17 11:04:04.757 WARN  [main] com.alibaba.nacos.client.naming.shutdown:81 : [NamingHttpClientManager] Destruction of the end
2024-07-17 11:04:04.898 WARN  [Thread-16] com.alibaba.nacos.common.notify.NotifyCenter.shutdown:136 : [NotifyCenter] Start destroying Publisher
2024-07-17 11:04:04.898 WARN  [Thread-6] com.alibaba.nacos.common.http.HttpClientBeanHolder.shutdown:102 : [HttpClientBeanHolder] Start destroying common HttpClient
2024-07-17 11:04:04.898 WARN  [Thread-16] com.alibaba.nacos.common.notify.NotifyCenter.shutdown:153 : [NotifyCenter] Destruction of the end
2024-07-17 11:04:04.899 WARN  [Thread-6] com.alibaba.nacos.common.http.HttpClientBeanHolder.shutdown:111 : [HttpClientBeanHolder] Destruction of the end
2024-07-17 11:12:46.293 WARN  [main] com.alibaba.nacos.client.logging.NacosLogging.loadConfiguration:64 : Load Logback Configuration of Nacos fail, message: Could not initialize Logback Nacos logging from null
2024-07-17 11:12:46.332 WARN  [main] com.alibaba.nacos.client.logging.NacosLogging.loadConfiguration:64 : Load Logback Configuration of Nacos fail, message: Could not initialize Logback Nacos logging from null
2024-07-17 11:12:46.508 WARN  [main] com.alibaba.nacos.client.logging.NacosLogging.loadConfiguration:64 : Load Logback Configuration of Nacos fail, message: Could not initialize Logback Nacos logging from null
2024-07-17 11:12:46.827 WARN  [main] com.alibaba.nacos.client.logging.NacosLogging.loadConfiguration:64 : Load Logback Configuration of Nacos fail, message: Could not initialize Logback Nacos logging from null
2024-07-17 11:12:53.997 WARN  [main] com.alibaba.nacos.client.config.NacosConfigService.getConfigInner:195 : [fixed-127.0.0.1_8848] [get-config] get from server error, dataId=test, group=DEFAULT_GROUP, tenant=, msg=ErrCode:-401, ErrMsg:Client not connected, current status:STARTING
2024-07-17 11:12:53.999 WARN  [main] com.alibaba.cloud.nacos.client.NacosPropertySourceBuilder.loadNacosData:87 : Ignore the empty nacos configuration and get it based on dataId[test] & group[DEFAULT_GROUP]
2024-07-17 11:12:54.322 WARN  [main] com.alibaba.nacos.client.config.NacosConfigService.getConfigInner:195 : [fixed-127.0.0.1_8848] [get-config] get from server error, dataId=test.yaml, group=DEFAULT_GROUP, tenant=, msg=ErrCode:-401, ErrMsg:Client not connected, current status:STARTING
2024-07-17 11:12:54.322 WARN  [main] com.alibaba.cloud.nacos.client.NacosPropertySourceBuilder.loadNacosData:87 : Ignore the empty nacos configuration and get it based on dataId[test.yaml] & group[DEFAULT_GROUP]
2024-07-17 11:12:54.327 WARN  [main] com.alibaba.nacos.client.logging.NacosLogging.loadConfiguration:64 : Load Logback Configuration of Nacos fail, message: Could not initialize Logback Nacos logging from null
2024-07-17 11:12:55.366 WARN  [main] com.baomidou.dynamic.datasource.DynamicRoutingDataSource.afterPropertiesSet:236 : dynamic-datasource initial loaded [0] datasource,Please add your primary datasource or check your configuration
2024-07-17 11:12:59.757 WARN  [com.alibaba.nacos.client.naming.grpc.redo.0] com.alibaba.nacos.client.naming.run:47 : Grpc Connection is disconnect, skip current redo task
2024-07-17 11:13:02.764 WARN  [com.alibaba.nacos.client.naming.grpc.redo.0] com.alibaba.nacos.client.naming.run:47 : Grpc Connection is disconnect, skip current redo task
2024-07-17 11:13:03.267 WARN  [main] o.s.b.w.s.c.AnnotationConfigServletWebServerApplicationContext.refresh:591 : Exception encountered during context initialization - cancelling refresh attempt: org.springframework.context.ApplicationContextException: Failed to start bean 'webServerStartStop'; nested exception is java.lang.reflect.UndeclaredThrowableException
2024-07-17 11:13:03.595 WARN  [main] com.alibaba.nacos.client.naming.shutdown:74 : [NamingHttpClientManager] Start destroying NacosRestTemplate
2024-07-17 11:13:03.595 WARN  [main] com.alibaba.nacos.client.naming.shutdown:81 : [NamingHttpClientManager] Destruction of the end
2024-07-17 11:13:03.595 WARN  [main] com.alibaba.nacos.client.naming.shutdown:74 : [NamingHttpClientManager] Start destroying NacosRestTemplate
2024-07-17 11:13:03.595 WARN  [main] com.alibaba.nacos.client.naming.shutdown:81 : [NamingHttpClientManager] Destruction of the end
2024-07-17 11:13:03.735 WARN  [Thread-6] com.alibaba.nacos.common.http.HttpClientBeanHolder.shutdown:102 : [HttpClientBeanHolder] Start destroying common HttpClient
2024-07-17 11:13:03.735 WARN  [Thread-16] com.alibaba.nacos.common.notify.NotifyCenter.shutdown:136 : [NotifyCenter] Start destroying Publisher
2024-07-17 11:13:03.735 WARN  [Thread-16] com.alibaba.nacos.common.notify.NotifyCenter.shutdown:153 : [NotifyCenter] Destruction of the end
2024-07-17 13:48:06.320 WARN  [main] com.alibaba.nacos.client.logging.NacosLogging.loadConfiguration:64 : Load Logback Configuration of Nacos fail, message: Could not initialize Logback Nacos logging from null
2024-07-17 13:48:06.360 WARN  [main] com.alibaba.nacos.client.logging.NacosLogging.loadConfiguration:64 : Load Logback Configuration of Nacos fail, message: Could not initialize Logback Nacos logging from null
2024-07-17 13:48:06.535 WARN  [main] com.alibaba.nacos.client.logging.NacosLogging.loadConfiguration:64 : Load Logback Configuration of Nacos fail, message: Could not initialize Logback Nacos logging from null
2024-07-17 13:48:06.853 WARN  [main] com.alibaba.nacos.client.logging.NacosLogging.loadConfiguration:64 : Load Logback Configuration of Nacos fail, message: Could not initialize Logback Nacos logging from null
2024-07-17 13:48:14.015 WARN  [main] com.alibaba.nacos.client.config.NacosConfigService.getConfigInner:195 : [fixed-127.0.0.1_8848] [get-config] get from server error, dataId=test, group=DEFAULT_GROUP, tenant=, msg=ErrCode:-401, ErrMsg:Client not connected, current status:STARTING
2024-07-17 13:48:14.018 WARN  [main] com.alibaba.cloud.nacos.client.NacosPropertySourceBuilder.loadNacosData:87 : Ignore the empty nacos configuration and get it based on dataId[test] & group[DEFAULT_GROUP]
2024-07-17 13:48:14.342 WARN  [main] com.alibaba.nacos.client.config.NacosConfigService.getConfigInner:195 : [fixed-127.0.0.1_8848] [get-config] get from server error, dataId=test.yaml, group=DEFAULT_GROUP, tenant=, msg=ErrCode:-401, ErrMsg:Client not connected, current status:STARTING
2024-07-17 13:48:14.342 WARN  [main] com.alibaba.cloud.nacos.client.NacosPropertySourceBuilder.loadNacosData:87 : Ignore the empty nacos configuration and get it based on dataId[test.yaml] & group[DEFAULT_GROUP]
2024-07-17 13:48:14.347 WARN  [main] com.alibaba.nacos.client.logging.NacosLogging.loadConfiguration:64 : Load Logback Configuration of Nacos fail, message: Could not initialize Logback Nacos logging from null
2024-07-17 13:48:15.358 WARN  [main] com.baomidou.dynamic.datasource.DynamicRoutingDataSource.afterPropertiesSet:236 : dynamic-datasource initial loaded [0] datasource,Please add your primary datasource or check your configuration
2024-07-17 13:48:19.740 WARN  [com.alibaba.nacos.client.naming.grpc.redo.0] com.alibaba.nacos.client.naming.run:47 : Grpc Connection is disconnect, skip current redo task
2024-07-17 13:48:22.753 WARN  [com.alibaba.nacos.client.naming.grpc.redo.0] com.alibaba.nacos.client.naming.run:47 : Grpc Connection is disconnect, skip current redo task
2024-07-17 13:48:23.219 WARN  [main] o.s.b.w.s.c.AnnotationConfigServletWebServerApplicationContext.refresh:591 : Exception encountered during context initialization - cancelling refresh attempt: org.springframework.context.ApplicationContextException: Failed to start bean 'webServerStartStop'; nested exception is java.lang.reflect.UndeclaredThrowableException
2024-07-17 13:48:23.546 WARN  [main] com.alibaba.nacos.client.naming.shutdown:74 : [NamingHttpClientManager] Start destroying NacosRestTemplate
2024-07-17 13:48:23.546 WARN  [main] com.alibaba.nacos.client.naming.shutdown:81 : [NamingHttpClientManager] Destruction of the end
2024-07-17 13:48:23.546 WARN  [main] com.alibaba.nacos.client.naming.shutdown:74 : [NamingHttpClientManager] Start destroying NacosRestTemplate
2024-07-17 13:48:23.546 WARN  [main] com.alibaba.nacos.client.naming.shutdown:81 : [NamingHttpClientManager] Destruction of the end
2024-07-17 13:48:23.676 WARN  [Thread-16] com.alibaba.nacos.common.notify.NotifyCenter.shutdown:136 : [NotifyCenter] Start destroying Publisher
2024-07-17 13:48:23.676 WARN  [Thread-6] com.alibaba.nacos.common.http.HttpClientBeanHolder.shutdown:102 : [HttpClientBeanHolder] Start destroying common HttpClient
2024-07-17 13:48:23.676 WARN  [Thread-16] com.alibaba.nacos.common.notify.NotifyCenter.shutdown:153 : [NotifyCenter] Destruction of the end
2024-07-17 13:48:23.677 WARN  [Thread-6] com.alibaba.nacos.common.http.HttpClientBeanHolder.shutdown:111 : [HttpClientBeanHolder] Destruction of the end
2024-07-17 14:03:09.837 WARN  [main] com.alibaba.nacos.client.logging.NacosLogging.loadConfiguration:64 : Load Logback Configuration of Nacos fail, message: Could not initialize Logback Nacos logging from null
2024-07-17 14:03:09.876 WARN  [main] com.alibaba.nacos.client.logging.NacosLogging.loadConfiguration:64 : Load Logback Configuration of Nacos fail, message: Could not initialize Logback Nacos logging from null
2024-07-17 14:03:10.050 WARN  [main] com.alibaba.nacos.client.logging.NacosLogging.loadConfiguration:64 : Load Logback Configuration of Nacos fail, message: Could not initialize Logback Nacos logging from null
2024-07-17 14:03:10.367 WARN  [main] com.alibaba.nacos.client.logging.NacosLogging.loadConfiguration:64 : Load Logback Configuration of Nacos fail, message: Could not initialize Logback Nacos logging from null
2024-07-17 14:03:17.552 WARN  [main] com.alibaba.nacos.client.config.NacosConfigService.getConfigInner:195 : [fixed-127.0.0.1_8848] [get-config] get from server error, dataId=test, group=DEFAULT_GROUP, tenant=, msg=ErrCode:-401, ErrMsg:Client not connected, current status:STARTING
2024-07-17 14:03:17.555 WARN  [main] com.alibaba.cloud.nacos.client.NacosPropertySourceBuilder.loadNacosData:87 : Ignore the empty nacos configuration and get it based on dataId[test] & group[DEFAULT_GROUP]
2024-07-17 14:03:17.876 WARN  [main] com.alibaba.nacos.client.config.NacosConfigService.getConfigInner:195 : [fixed-127.0.0.1_8848] [get-config] get from server error, dataId=test.yaml, group=DEFAULT_GROUP, tenant=, msg=ErrCode:-401, ErrMsg:Client not connected, current status:STARTING
2024-07-17 14:03:17.876 WARN  [main] com.alibaba.cloud.nacos.client.NacosPropertySourceBuilder.loadNacosData:87 : Ignore the empty nacos configuration and get it based on dataId[test.yaml] & group[DEFAULT_GROUP]
2024-07-17 14:03:17.881 WARN  [main] com.alibaba.nacos.client.logging.NacosLogging.loadConfiguration:64 : Load Logback Configuration of Nacos fail, message: Could not initialize Logback Nacos logging from null
2024-07-17 14:03:18.908 WARN  [main] com.baomidou.dynamic.datasource.DynamicRoutingDataSource.afterPropertiesSet:236 : dynamic-datasource initial loaded [0] datasource,Please add your primary datasource or check your configuration
2024-07-17 14:03:23.319 WARN  [com.alibaba.nacos.client.naming.grpc.redo.0] com.alibaba.nacos.client.naming.run:47 : Grpc Connection is disconnect, skip current redo task
2024-07-17 14:03:26.335 WARN  [com.alibaba.nacos.client.naming.grpc.redo.0] com.alibaba.nacos.client.naming.run:47 : Grpc Connection is disconnect, skip current redo task
2024-07-17 14:03:26.773 WARN  [main] o.s.b.w.s.c.AnnotationConfigServletWebServerApplicationContext.refresh:591 : Exception encountered during context initialization - cancelling refresh attempt: org.springframework.context.ApplicationContextException: Failed to start bean 'webServerStartStop'; nested exception is java.lang.reflect.UndeclaredThrowableException
2024-07-17 14:03:27.098 WARN  [main] com.alibaba.nacos.client.naming.shutdown:74 : [NamingHttpClientManager] Start destroying NacosRestTemplate
2024-07-17 14:03:27.098 WARN  [main] com.alibaba.nacos.client.naming.shutdown:81 : [NamingHttpClientManager] Destruction of the end
2024-07-17 14:03:27.099 WARN  [main] com.alibaba.nacos.client.naming.shutdown:74 : [NamingHttpClientManager] Start destroying NacosRestTemplate
2024-07-17 14:03:27.099 WARN  [main] com.alibaba.nacos.client.naming.shutdown:81 : [NamingHttpClientManager] Destruction of the end
2024-07-17 14:03:27.243 WARN  [Thread-16] com.alibaba.nacos.common.notify.NotifyCenter.shutdown:136 : [NotifyCenter] Start destroying Publisher
2024-07-17 14:03:27.243 WARN  [Thread-16] com.alibaba.nacos.common.notify.NotifyCenter.shutdown:153 : [NotifyCenter] Destruction of the end
2024-07-17 14:03:27.243 WARN  [Thread-6] com.alibaba.nacos.common.http.HttpClientBeanHolder.shutdown:102 : [HttpClientBeanHolder] Start destroying common HttpClient
2024-07-17 14:13:36.886 WARN  [main] com.alibaba.nacos.client.logging.NacosLogging.loadConfiguration:64 : Load Logback Configuration of Nacos fail, message: Could not initialize Logback Nacos logging from null
2024-07-17 14:13:36.931 WARN  [main] com.alibaba.nacos.client.logging.NacosLogging.loadConfiguration:64 : Load Logback Configuration of Nacos fail, message: Could not initialize Logback Nacos logging from null
2024-07-17 14:13:37.106 WARN  [main] com.alibaba.nacos.client.logging.NacosLogging.loadConfiguration:64 : Load Logback Configuration of Nacos fail, message: Could not initialize Logback Nacos logging from null
2024-07-17 14:13:37.506 WARN  [main] com.alibaba.nacos.client.logging.NacosLogging.loadConfiguration:64 : Load Logback Configuration of Nacos fail, message: Could not initialize Logback Nacos logging from null
2024-07-17 14:13:38.432 WARN  [main] com.alibaba.cloud.nacos.client.NacosPropertySourceBuilder.loadNacosData:87 : Ignore the empty nacos configuration and get it based on dataId[test] & group[DEFAULT_GROUP]
2024-07-17 14:13:38.439 WARN  [main] com.alibaba.cloud.nacos.client.NacosPropertySourceBuilder.loadNacosData:87 : Ignore the empty nacos configuration and get it based on dataId[test.yaml] & group[DEFAULT_GROUP]
2024-07-17 14:13:38.443 WARN  [main] com.alibaba.nacos.client.logging.NacosLogging.loadConfiguration:64 : Load Logback Configuration of Nacos fail, message: Could not initialize Logback Nacos logging from null
2024-07-17 14:13:39.491 WARN  [main] com.baomidou.dynamic.datasource.DynamicRoutingDataSource.afterPropertiesSet:236 : dynamic-datasource initial loaded [0] datasource,Please add your primary datasource or check your configuration
2024-07-17 14:13:41.130 WARN  [main] o.s.b.w.s.c.AnnotationConfigServletWebServerApplicationContext.refresh:591 : Exception encountered during context initialization - cancelling refresh attempt: org.springframework.context.ApplicationContextException: Failed to start bean 'documentationPluginsBootstrapper'; nested exception is java.lang.NullPointerException
2024-07-17 14:13:41.461 WARN  [main] com.alibaba.nacos.client.naming.shutdown:74 : [NamingHttpClientManager] Start destroying NacosRestTemplate
2024-07-17 14:13:41.461 WARN  [main] com.alibaba.nacos.client.naming.shutdown:81 : [NamingHttpClientManager] Destruction of the end
2024-07-17 14:13:41.463 WARN  [main] com.alibaba.nacos.client.naming.shutdown:74 : [NamingHttpClientManager] Start destroying NacosRestTemplate
2024-07-17 14:13:41.463 WARN  [main] com.alibaba.nacos.client.naming.shutdown:81 : [NamingHttpClientManager] Destruction of the end
2024-07-17 14:13:41.621 WARN  [Thread-6] com.alibaba.nacos.common.http.HttpClientBeanHolder.shutdown:102 : [HttpClientBeanHolder] Start destroying common HttpClient
2024-07-17 14:13:41.621 WARN  [Thread-16] com.alibaba.nacos.common.notify.NotifyCenter.shutdown:136 : [NotifyCenter] Start destroying Publisher
2024-07-17 14:13:41.621 WARN  [Thread-16] com.alibaba.nacos.common.notify.NotifyCenter.shutdown:153 : [NotifyCenter] Destruction of the end
2024-07-17 14:13:41.621 WARN  [Thread-6] com.alibaba.nacos.common.http.HttpClientBeanHolder.shutdown:111 : [HttpClientBeanHolder] Destruction of the end
2024-07-17 14:23:54.409 WARN  [main] com.alibaba.nacos.client.logging.NacosLogging.loadConfiguration:64 : Load Logback Configuration of Nacos fail, message: Could not initialize Logback Nacos logging from null
2024-07-17 14:23:54.448 WARN  [main] com.alibaba.nacos.client.logging.NacosLogging.loadConfiguration:64 : Load Logback Configuration of Nacos fail, message: Could not initialize Logback Nacos logging from null
2024-07-17 14:23:54.627 WARN  [main] com.alibaba.nacos.client.logging.NacosLogging.loadConfiguration:64 : Load Logback Configuration of Nacos fail, message: Could not initialize Logback Nacos logging from null
2024-07-17 14:23:54.947 WARN  [main] com.alibaba.nacos.client.logging.NacosLogging.loadConfiguration:64 : Load Logback Configuration of Nacos fail, message: Could not initialize Logback Nacos logging from null
2024-07-17 14:23:55.883 WARN  [main] com.alibaba.cloud.nacos.client.NacosPropertySourceBuilder.loadNacosData:87 : Ignore the empty nacos configuration and get it based on dataId[test] & group[DEFAULT_GROUP]
2024-07-17 14:23:55.902 WARN  [main] com.alibaba.nacos.client.logging.NacosLogging.loadConfiguration:64 : Load Logback Configuration of Nacos fail, message: Could not initialize Logback Nacos logging from null
2024-07-17 14:23:56.963 WARN  [main] com.baomidou.dynamic.datasource.DynamicRoutingDataSource.afterPropertiesSet:236 : dynamic-datasource initial loaded [0] datasource,Please add your primary datasource or check your configuration
2024-07-17 14:23:58.616 WARN  [main] o.s.b.w.s.c.AnnotationConfigServletWebServerApplicationContext.refresh:591 : Exception encountered during context initialization - cancelling refresh attempt: org.springframework.context.ApplicationContextException: Failed to start bean 'documentationPluginsBootstrapper'; nested exception is java.lang.NullPointerException
2024-07-17 14:23:58.950 WARN  [main] com.alibaba.nacos.client.naming.shutdown:74 : [NamingHttpClientManager] Start destroying NacosRestTemplate
2024-07-17 14:23:58.951 WARN  [main] com.alibaba.nacos.client.naming.shutdown:81 : [NamingHttpClientManager] Destruction of the end
2024-07-17 14:23:58.951 WARN  [main] com.alibaba.nacos.client.naming.shutdown:74 : [NamingHttpClientManager] Start destroying NacosRestTemplate
2024-07-17 14:23:58.951 WARN  [main] com.alibaba.nacos.client.naming.shutdown:81 : [NamingHttpClientManager] Destruction of the end
2024-07-17 14:23:59.084 WARN  [Thread-16] com.alibaba.nacos.common.notify.NotifyCenter.shutdown:136 : [NotifyCenter] Start destroying Publisher
2024-07-17 14:23:59.084 WARN  [Thread-6] com.alibaba.nacos.common.http.HttpClientBeanHolder.shutdown:102 : [HttpClientBeanHolder] Start destroying common HttpClient
2024-07-17 14:23:59.085 WARN  [Thread-16] com.alibaba.nacos.common.notify.NotifyCenter.shutdown:153 : [NotifyCenter] Destruction of the end
2024-07-17 14:23:59.085 WARN  [Thread-6] com.alibaba.nacos.common.http.HttpClientBeanHolder.shutdown:111 : [HttpClientBeanHolder] Destruction of the end
2024-07-17 14:32:23.431 WARN  [main] com.alibaba.nacos.client.logging.NacosLogging.loadConfiguration:64 : Load Logback Configuration of Nacos fail, message: Could not initialize Logback Nacos logging from null
2024-07-17 14:32:23.469 WARN  [main] com.alibaba.nacos.client.logging.NacosLogging.loadConfiguration:64 : Load Logback Configuration of Nacos fail, message: Could not initialize Logback Nacos logging from null
2024-07-17 14:32:23.645 WARN  [main] com.alibaba.nacos.client.logging.NacosLogging.loadConfiguration:64 : Load Logback Configuration of Nacos fail, message: Could not initialize Logback Nacos logging from null
2024-07-17 14:32:23.968 WARN  [main] com.alibaba.nacos.client.logging.NacosLogging.loadConfiguration:64 : Load Logback Configuration of Nacos fail, message: Could not initialize Logback Nacos logging from null
2024-07-17 14:32:24.876 WARN  [main] com.alibaba.cloud.nacos.client.NacosPropertySourceBuilder.loadNacosData:87 : Ignore the empty nacos configuration and get it based on dataId[test] & group[DEFAULT_GROUP]
2024-07-17 14:32:24.896 WARN  [main] com.alibaba.nacos.client.logging.NacosLogging.loadConfiguration:64 : Load Logback Configuration of Nacos fail, message: Could not initialize Logback Nacos logging from null
2024-07-17 14:32:25.972 WARN  [main] com.baomidou.dynamic.datasource.DynamicRoutingDataSource.afterPropertiesSet:236 : dynamic-datasource initial loaded [0] datasource,Please add your primary datasource or check your configuration
2024-07-17 14:32:27.724 WARN  [main] o.s.b.w.s.c.AnnotationConfigServletWebServerApplicationContext.refresh:591 : Exception encountered during context initialization - cancelling refresh attempt: org.springframework.context.ApplicationContextException: Failed to start bean 'documentationPluginsBootstrapper'; nested exception is java.lang.NullPointerException
2024-07-17 14:32:28.051 WARN  [main] com.alibaba.nacos.client.naming.shutdown:74 : [NamingHttpClientManager] Start destroying NacosRestTemplate
2024-07-17 14:32:28.051 WARN  [main] com.alibaba.nacos.client.naming.shutdown:81 : [NamingHttpClientManager] Destruction of the end
2024-07-17 14:32:28.051 WARN  [main] com.alibaba.nacos.client.naming.shutdown:74 : [NamingHttpClientManager] Start destroying NacosRestTemplate
2024-07-17 14:32:28.051 WARN  [main] com.alibaba.nacos.client.naming.shutdown:81 : [NamingHttpClientManager] Destruction of the end
2024-07-17 14:32:28.200 WARN  [Thread-6] com.alibaba.nacos.common.http.HttpClientBeanHolder.shutdown:102 : [HttpClientBeanHolder] Start destroying common HttpClient
2024-07-17 14:32:28.200 WARN  [Thread-16] com.alibaba.nacos.common.notify.NotifyCenter.shutdown:136 : [NotifyCenter] Start destroying Publisher
2024-07-17 14:32:28.201 WARN  [Thread-16] com.alibaba.nacos.common.notify.NotifyCenter.shutdown:153 : [NotifyCenter] Destruction of the end
2024-07-17 14:32:28.201 WARN  [Thread-6] com.alibaba.nacos.common.http.HttpClientBeanHolder.shutdown:111 : [HttpClientBeanHolder] Destruction of the end
2024-07-17 15:05:27.268 WARN  [main] com.alibaba.nacos.client.logging.NacosLogging.loadConfiguration:64 : Load Logback Configuration of Nacos fail, message: Could not initialize Logback Nacos logging from null
2024-07-17 15:05:27.313 WARN  [main] com.alibaba.nacos.client.logging.NacosLogging.loadConfiguration:64 : Load Logback Configuration of Nacos fail, message: Could not initialize Logback Nacos logging from null
2024-07-17 15:05:27.482 WARN  [main] com.alibaba.nacos.client.logging.NacosLogging.loadConfiguration:64 : Load Logback Configuration of Nacos fail, message: Could not initialize Logback Nacos logging from null
2024-07-17 15:05:27.802 WARN  [main] com.alibaba.nacos.client.logging.NacosLogging.loadConfiguration:64 : Load Logback Configuration of Nacos fail, message: Could not initialize Logback Nacos logging from null
2024-07-17 15:05:28.734 WARN  [main] com.alibaba.cloud.nacos.client.NacosPropertySourceBuilder.loadNacosData:87 : Ignore the empty nacos configuration and get it based on dataId[test] & group[DEFAULT_GROUP]
2024-07-17 15:05:28.746 WARN  [main] com.alibaba.nacos.client.logging.NacosLogging.loadConfiguration:64 : Load Logback Configuration of Nacos fail, message: Could not initialize Logback Nacos logging from null
2024-07-17 15:05:29.572 WARN  [main] o.s.b.w.s.c.AnnotationConfigServletWebServerApplicationContext.refresh:591 : Exception encountered during context initialization - cancelling refresh attempt: org.springframework.beans.factory.UnsatisfiedDependencyException: Error creating bean with name 'dataGovColumnStandardApprovalLogController' defined in file [D:\workspace\study\nacosConfigDemo\target\classes\org\example\controller\DataGovColumnStandardApprovalLogController.class]: Unsatisfied dependency expressed through constructor parameter 0; nested exception is org.springframework.beans.factory.UnsatisfiedDependencyException: Error creating bean with name 'dataGovColumnStandardApprovalLogServiceImpl' defined in file [D:\workspace\study\nacosConfigDemo\target\classes\org\example\service\impl\DataGovColumnStandardApprovalLogServiceImpl.class]: Unsatisfied dependency expressed through constructor parameter 0; nested exception is org.springframework.beans.factory.UnsatisfiedDependencyException: Error creating bean with name 'dataGovColumnStandardApprovalLogMapper' defined in file [D:\workspace\study\nacosConfigDemo\target\classes\org\example\mapper\DataGovColumnStandardApprovalLogMapper.class]: Unsatisfied dependency expressed through bean property 'sqlSessionFactory'; nested exception is org.springframework.beans.factory.UnsatisfiedDependencyException: Error creating bean with name 'sqlSessionFactory' defined in class path resource [com/baomidou/mybatisplus/autoconfigure/MybatisPlusAutoConfiguration.class]: Unsatisfied dependency expressed through method 'sqlSessionFactory' parameter 0; nested exception is org.springframework.beans.factory.BeanCreationException: Error creating bean with name 'dataSource' defined in class path resource [org/springframework/boot/autoconfigure/jdbc/DataSourceConfiguration$Hikari.class]: Bean instantiation via factory method failed; nested exception is org.springframework.beans.BeanInstantiationException: Failed to instantiate [com.zaxxer.hikari.HikariDataSource]: Factory method 'dataSource' threw exception; nested exception is org.springframework.boot.autoconfigure.jdbc.DataSourceProperties$DataSourceBeanCreationException: Failed to determine a suitable driver class
2024-07-17 15:05:29.599 WARN  [Thread-6] com.alibaba.nacos.common.http.HttpClientBeanHolder.shutdown:102 : [HttpClientBeanHolder] Start destroying common HttpClient
2024-07-17 15:05:29.599 WARN  [Thread-16] com.alibaba.nacos.common.notify.NotifyCenter.shutdown:136 : [NotifyCenter] Start destroying Publisher
2024-07-17 15:05:29.599 WARN  [Thread-16] com.alibaba.nacos.common.notify.NotifyCenter.shutdown:153 : [NotifyCenter] Destruction of the end
2024-07-17 15:05:52.089 WARN  [main] com.alibaba.nacos.client.logging.NacosLogging.loadConfiguration:64 : Load Logback Configuration of Nacos fail, message: Could not initialize Logback Nacos logging from null
2024-07-17 15:05:52.127 WARN  [main] com.alibaba.nacos.client.logging.NacosLogging.loadConfiguration:64 : Load Logback Configuration of Nacos fail, message: Could not initialize Logback Nacos logging from null
2024-07-17 15:05:52.304 WARN  [main] com.alibaba.nacos.client.logging.NacosLogging.loadConfiguration:64 : Load Logback Configuration of Nacos fail, message: Could not initialize Logback Nacos logging from null
2024-07-17 15:05:52.627 WARN  [main] com.alibaba.nacos.client.logging.NacosLogging.loadConfiguration:64 : Load Logback Configuration of Nacos fail, message: Could not initialize Logback Nacos logging from null
2024-07-17 15:05:53.502 WARN  [main] com.alibaba.cloud.nacos.client.NacosPropertySourceBuilder.loadNacosData:87 : Ignore the empty nacos configuration and get it based on dataId[test] & group[DEFAULT_GROUP]
2024-07-17 15:05:53.514 WARN  [main] com.alibaba.nacos.client.logging.NacosLogging.loadConfiguration:64 : Load Logback Configuration of Nacos fail, message: Could not initialize Logback Nacos logging from null
2024-07-17 15:05:54.318 WARN  [main] o.s.b.w.s.c.AnnotationConfigServletWebServerApplicationContext.refresh:591 : Exception encountered during context initialization - cancelling refresh attempt: org.springframework.beans.factory.UnsatisfiedDependencyException: Error creating bean with name 'dataGovColumnStandardApprovalLogController' defined in file [D:\workspace\study\nacosConfigDemo\target\classes\org\example\controller\DataGovColumnStandardApprovalLogController.class]: Unsatisfied dependency expressed through constructor parameter 0; nested exception is org.springframework.beans.factory.UnsatisfiedDependencyException: Error creating bean with name 'dataGovColumnStandardApprovalLogServiceImpl' defined in file [D:\workspace\study\nacosConfigDemo\target\classes\org\example\service\impl\DataGovColumnStandardApprovalLogServiceImpl.class]: Unsatisfied dependency expressed through constructor parameter 0; nested exception is org.springframework.beans.factory.UnsatisfiedDependencyException: Error creating bean with name 'dataGovColumnStandardApprovalLogMapper' defined in file [D:\workspace\study\nacosConfigDemo\target\classes\org\example\mapper\DataGovColumnStandardApprovalLogMapper.class]: Unsatisfied dependency expressed through bean property 'sqlSessionFactory'; nested exception is org.springframework.beans.factory.UnsatisfiedDependencyException: Error creating bean with name 'sqlSessionFactory' defined in class path resource [com/baomidou/mybatisplus/autoconfigure/MybatisPlusAutoConfiguration.class]: Unsatisfied dependency expressed through method 'sqlSessionFactory' parameter 0; nested exception is org.springframework.beans.factory.BeanCreationException: Error creating bean with name 'dataSource' defined in class path resource [org/springframework/boot/autoconfigure/jdbc/DataSourceConfiguration$Hikari.class]: Bean instantiation via factory method failed; nested exception is org.springframework.beans.BeanInstantiationException: Failed to instantiate [com.zaxxer.hikari.HikariDataSource]: Factory method 'dataSource' threw exception; nested exception is org.springframework.boot.autoconfigure.jdbc.DataSourceProperties$DataSourceBeanCreationException: Failed to determine a suitable driver class
2024-07-17 15:05:54.346 WARN  [Thread-16] com.alibaba.nacos.common.notify.NotifyCenter.shutdown:136 : [NotifyCenter] Start destroying Publisher
2024-07-17 15:05:54.346 WARN  [Thread-6] com.alibaba.nacos.common.http.HttpClientBeanHolder.shutdown:102 : [HttpClientBeanHolder] Start destroying common HttpClient
2024-07-17 15:05:54.346 WARN  [Thread-16] com.alibaba.nacos.common.notify.NotifyCenter.shutdown:153 : [NotifyCenter] Destruction of the end
2024-07-17 15:05:54.346 WARN  [Thread-6] com.alibaba.nacos.common.http.HttpClientBeanHolder.shutdown:111 : [HttpClientBeanHolder] Destruction of the end
2024-07-17 15:13:03.549 WARN  [main] com.alibaba.nacos.client.logging.NacosLogging.loadConfiguration:64 : Load Logback Configuration of Nacos fail, message: Could not initialize Logback Nacos logging from null
2024-07-17 15:13:03.587 WARN  [main] com.alibaba.nacos.client.logging.NacosLogging.loadConfiguration:64 : Load Logback Configuration of Nacos fail, message: Could not initialize Logback Nacos logging from null
2024-07-17 15:13:03.767 WARN  [main] com.alibaba.nacos.client.logging.NacosLogging.loadConfiguration:64 : Load Logback Configuration of Nacos fail, message: Could not initialize Logback Nacos logging from null
2024-07-17 15:13:04.077 WARN  [main] com.alibaba.nacos.client.logging.NacosLogging.loadConfiguration:64 : Load Logback Configuration of Nacos fail, message: Could not initialize Logback Nacos logging from null
2024-07-17 15:13:04.944 WARN  [main] com.alibaba.cloud.nacos.client.NacosPropertySourceBuilder.loadNacosData:87 : Ignore the empty nacos configuration and get it based on dataId[test] & group[DEFAULT_GROUP]
2024-07-17 15:13:04.956 WARN  [main] com.alibaba.nacos.client.logging.NacosLogging.loadConfiguration:64 : Load Logback Configuration of Nacos fail, message: Could not initialize Logback Nacos logging from null
2024-07-17 15:38:25.845 WARN  [Thread-6] com.alibaba.nacos.common.http.HttpClientBeanHolder.shutdown:102 : [HttpClientBeanHolder] Start destroying common HttpClient
2024-07-17 15:38:25.846 WARN  [Thread-16] com.alibaba.nacos.common.notify.NotifyCenter.shutdown:136 : [NotifyCenter] Start destroying Publisher
2024-07-17 15:38:25.846 WARN  [Thread-16] com.alibaba.nacos.common.notify.NotifyCenter.shutdown:153 : [NotifyCenter] Destruction of the end
2024-07-17 15:38:25.846 WARN  [Thread-6] com.alibaba.nacos.common.http.HttpClientBeanHolder.shutdown:111 : [HttpClientBeanHolder] Destruction of the end
2024-07-17 15:38:25.946 WARN  [SpringApplicationShutdownHook] com.alibaba.nacos.client.naming.shutdown:74 : [NamingHttpClientManager] Start destroying NacosRestTemplate
2024-07-17 15:38:25.947 WARN  [SpringApplicationShutdownHook] com.alibaba.nacos.client.naming.shutdown:81 : [NamingHttpClientManager] Destruction of the end
2024-07-17 15:38:25.947 WARN  [SpringApplicationShutdownHook] com.alibaba.nacos.client.naming.shutdown:74 : [NamingHttpClientManager] Start destroying NacosRestTemplate
2024-07-17 15:38:25.947 WARN  [SpringApplicationShutdownHook] com.alibaba.nacos.client.naming.shutdown:81 : [NamingHttpClientManager] Destruction of the end
2024-07-17 15:38:35.475 WARN  [main] com.alibaba.nacos.client.logging.NacosLogging.loadConfiguration:64 : Load Logback Configuration of Nacos fail, message: Could not initialize Logback Nacos logging from null
2024-07-17 15:38:35.513 WARN  [main] com.alibaba.nacos.client.logging.NacosLogging.loadConfiguration:64 : Load Logback Configuration of Nacos fail, message: Could not initialize Logback Nacos logging from null
2024-07-17 15:38:35.692 WARN  [main] com.alibaba.nacos.client.logging.NacosLogging.loadConfiguration:64 : Load Logback Configuration of Nacos fail, message: Could not initialize Logback Nacos logging from null
2024-07-17 15:38:36.009 WARN  [main] com.alibaba.nacos.client.logging.NacosLogging.loadConfiguration:64 : Load Logback Configuration of Nacos fail, message: Could not initialize Logback Nacos logging from null
2024-07-17 15:38:36.957 WARN  [main] com.alibaba.cloud.nacos.client.NacosPropertySourceBuilder.loadNacosData:87 : Ignore the empty nacos configuration and get it based on dataId[test] & group[DEFAULT_GROUP]
2024-07-17 15:38:36.968 WARN  [main] com.alibaba.nacos.client.logging.NacosLogging.loadConfiguration:64 : Load Logback Configuration of Nacos fail, message: Could not initialize Logback Nacos logging from null
2024-07-17 15:40:24.844 WARN  [nacos.client.cachedata.internal.notifier] com.alibaba.nacos.client.logging.NacosLogging.loadConfiguration:64 : Load Logback Configuration of Nacos fail, message: Could not initialize Logback Nacos logging from null
2024-07-17 15:40:24.847 WARN  [nacos.client.cachedata.internal.notifier] com.alibaba.nacos.client.logging.NacosLogging.loadConfiguration:64 : Load Logback Configuration of Nacos fail, message: Could not initialize Logback Nacos logging from null
2024-07-17 15:40:24.869 WARN  [nacos.client.cachedata.internal.notifier] com.alibaba.nacos.client.logging.NacosLogging.loadConfiguration:64 : Load Logback Configuration of Nacos fail, message: Could not initialize Logback Nacos logging from null
2024-07-17 15:40:24.877 WARN  [nacos.client.cachedata.internal.notifier] com.alibaba.cloud.nacos.client.NacosPropertySourceBuilder.loadNacosData:87 : Ignore the empty nacos configuration and get it based on dataId[test] & group[DEFAULT_GROUP]
2024-07-17 15:40:24.892 WARN  [nacos.client.cachedata.internal.notifier] com.alibaba.nacos.client.logging.NacosLogging.loadConfiguration:64 : Load Logback Configuration of Nacos fail, message: Could not initialize Logback Nacos logging from null
2024-07-17 15:40:48.569 WARN  [Thread-6] com.alibaba.nacos.common.http.HttpClientBeanHolder.shutdown:102 : [HttpClientBeanHolder] Start destroying common HttpClient
2024-07-17 15:40:48.569 WARN  [Thread-16] com.alibaba.nacos.common.notify.NotifyCenter.shutdown:136 : [NotifyCenter] Start destroying Publisher
2024-07-17 15:40:48.569 WARN  [Thread-16] com.alibaba.nacos.common.notify.NotifyCenter.shutdown:153 : [NotifyCenter] Destruction of the end
2024-07-17 15:40:48.570 WARN  [Thread-6] com.alibaba.nacos.common.http.HttpClientBeanHolder.shutdown:111 : [HttpClientBeanHolder] Destruction of the end
2024-07-17 15:40:48.696 WARN  [SpringApplicationShutdownHook] com.alibaba.nacos.client.naming.shutdown:74 : [NamingHttpClientManager] Start destroying NacosRestTemplate
2024-07-17 15:40:48.696 WARN  [SpringApplicationShutdownHook] com.alibaba.nacos.client.naming.shutdown:81 : [NamingHttpClientManager] Destruction of the end
2024-07-17 15:40:48.696 WARN  [SpringApplicationShutdownHook] com.alibaba.nacos.client.naming.shutdown:74 : [NamingHttpClientManager] Start destroying NacosRestTemplate
2024-07-17 15:40:48.696 WARN  [SpringApplicationShutdownHook] com.alibaba.nacos.client.naming.shutdown:81 : [NamingHttpClientManager] Destruction of the end
2024-07-17 15:40:50.835 WARN  [main] com.alibaba.nacos.client.logging.NacosLogging.loadConfiguration:64 : Load Logback Configuration of Nacos fail, message: Could not initialize Logback Nacos logging from null
2024-07-17 15:40:50.874 WARN  [main] com.alibaba.nacos.client.logging.NacosLogging.loadConfiguration:64 : Load Logback Configuration of Nacos fail, message: Could not initialize Logback Nacos logging from null
2024-07-17 15:40:51.047 WARN  [main] com.alibaba.nacos.client.logging.NacosLogging.loadConfiguration:64 : Load Logback Configuration of Nacos fail, message: Could not initialize Logback Nacos logging from null
2024-07-17 15:40:51.357 WARN  [main] com.alibaba.nacos.client.logging.NacosLogging.loadConfiguration:64 : Load Logback Configuration of Nacos fail, message: Could not initialize Logback Nacos logging from null
2024-07-17 15:40:52.272 WARN  [main] com.alibaba.cloud.nacos.client.NacosPropertySourceBuilder.loadNacosData:87 : Ignore the empty nacos configuration and get it based on dataId[test] & group[DEFAULT_GROUP]
2024-07-17 15:40:52.284 WARN  [main] com.alibaba.nacos.client.logging.NacosLogging.loadConfiguration:64 : Load Logback Configuration of Nacos fail, message: Could not initialize Logback Nacos logging from null
2024-07-17 15:45:32.390 WARN  [nacos.client.cachedata.internal.notifier] com.alibaba.nacos.client.logging.NacosLogging.loadConfiguration:64 : Load Logback Configuration of Nacos fail, message: Could not initialize Logback Nacos logging from null
2024-07-17 15:45:32.393 WARN  [nacos.client.cachedata.internal.notifier] com.alibaba.nacos.client.logging.NacosLogging.loadConfiguration:64 : Load Logback Configuration of Nacos fail, message: Could not initialize Logback Nacos logging from null
2024-07-17 15:45:32.414 WARN  [nacos.client.cachedata.internal.notifier] com.alibaba.nacos.client.logging.NacosLogging.loadConfiguration:64 : Load Logback Configuration of Nacos fail, message: Could not initialize Logback Nacos logging from null
2024-07-17 15:45:32.421 WARN  [nacos.client.cachedata.internal.notifier] com.alibaba.cloud.nacos.client.NacosPropertySourceBuilder.loadNacosData:87 : Ignore the empty nacos configuration and get it based on dataId[test] & group[DEFAULT_GROUP]
2024-07-17 15:45:32.438 WARN  [nacos.client.cachedata.internal.notifier] com.alibaba.nacos.client.logging.NacosLogging.loadConfiguration:64 : Load Logback Configuration of Nacos fail, message: Could not initialize Logback Nacos logging from null
2024-07-17 15:49:23.042 WARN  [Thread-16] com.alibaba.nacos.common.notify.NotifyCenter.shutdown:136 : [NotifyCenter] Start destroying Publisher
2024-07-17 15:49:23.042 WARN  [Thread-6] com.alibaba.nacos.common.http.HttpClientBeanHolder.shutdown:102 : [HttpClientBeanHolder] Start destroying common HttpClient
2024-07-17 15:49:23.042 WARN  [Thread-16] com.alibaba.nacos.common.notify.NotifyCenter.shutdown:153 : [NotifyCenter] Destruction of the end
2024-07-17 15:49:23.044 WARN  [Thread-6] com.alibaba.nacos.common.http.HttpClientBeanHolder.shutdown:111 : [HttpClientBeanHolder] Destruction of the end
2024-07-17 15:49:23.145 WARN  [SpringApplicationShutdownHook] com.alibaba.nacos.client.naming.shutdown:74 : [NamingHttpClientManager] Start destroying NacosRestTemplate
2024-07-17 15:49:23.145 WARN  [SpringApplicationShutdownHook] com.alibaba.nacos.client.naming.shutdown:81 : [NamingHttpClientManager] Destruction of the end
2024-07-17 15:49:23.145 WARN  [SpringApplicationShutdownHook] com.alibaba.nacos.client.naming.shutdown:74 : [NamingHttpClientManager] Start destroying NacosRestTemplate
2024-07-17 15:49:23.145 WARN  [SpringApplicationShutdownHook] com.alibaba.nacos.client.naming.shutdown:81 : [NamingHttpClientManager] Destruction of the end
2024-07-17 15:49:29.250 WARN  [main] com.alibaba.cloud.nacos.client.NacosPropertySourceBuilder.loadNacosData:87 : Ignore the empty nacos configuration and get it based on dataId[test] & group[DEFAULT_GROUP]
2024-07-17 15:49:38.365 WARN  [Thread-6] com.alibaba.nacos.common.http.HttpClientBeanHolder.shutdown:102 : [HttpClientBeanHolder] Start destroying common HttpClient
2024-07-17 15:49:38.365 WARN  [Thread-16] com.alibaba.nacos.common.notify.NotifyCenter.shutdown:136 : [NotifyCenter] Start destroying Publisher
2024-07-17 15:49:38.366 WARN  [Thread-16] com.alibaba.nacos.common.notify.NotifyCenter.shutdown:153 : [NotifyCenter] Destruction of the end
2024-07-17 15:49:38.366 WARN  [Thread-6] com.alibaba.nacos.common.http.HttpClientBeanHolder.shutdown:111 : [HttpClientBeanHolder] Destruction of the end
